<?xml version="1.0" encoding="UTF-8"?>
<!-- Generated by org.testng.reporters.JUnitReportReporter -->
<testsuite hostname="TYSS-Ronald-Fredrick" failures="0" tests="2" name="in.gopocket.testScripts.Verify_User_ableTo_Add_Script_To_WishList" time="12.329" errors="0" timestamp="2024-09-17T22:42:51 IST" skipped="0">
  <testcase classname="in.gopocket.testScripts.Verify_User_ableTo_Add_Script_To_WishList" name="addTo_WishList" time="7.554"/>
  <testcase classname="in.gopocket.testScripts.Verify_User_ableTo_Add_Script_To_WishList" name="remove_From_WatchList" time="4.775"/>
  <system-out>
    <![CDATA[Successfully Logged In
Successfully Logged Out
Successfully validated Error Message
Successfully Logined In]]>
  </system-out>
</testsuite> <!-- in.gopocket.testScripts.Verify_User_ableTo_Add_Script_To_WishList -->
