<?xml version="1.0" encoding="UTF-8"?>
<!-- Generated by org.testng.reporters.JUnitReportReporter -->
<testsuite hostname="TYSS-Ronald-Fredrick" failures="0" tests="1" name="in.gopocket.testScripts.Validate_UserName_In_Home_And_ProfilePage" time="5.611" errors="0" timestamp="2024-09-29T18:34:21 IST" skipped="0">
  <testcase classname="in.gopocket.testScripts.Validate_UserName_In_Home_And_ProfilePage" name="validateUserName" time="5.611">
    <system-out>
      <![CDATA[validateUserName Successfully Execution Started
validateUserNameIs Passed]]>
    </system-out>
  </testcase> <!-- validateUserName -->
  <system-out>
    <![CDATA[addTo_WishList Successfully Execution Started
addTo_WishListIs Passed
remove_From_WatchList Successfully Execution Started
remove_From_WatchListIs Passed
validateUserName Successfully Execution Started
validateUserNameIs Passed
handel_Scrip_Alert Successfully Execution Started
handel_Scrip_AlertIs Failed
login_With_Valid_Credentials Successfully Execution Started
login_With_Valid_CredentialsIs Failed
verify_LogOut Successfully Execution Started
verify_LogOutIs Failed
Login_with_InvalidCredentials Successfully Execution Started
Successfully validated Error_Message
Login_with_InvalidCredentialsIs Passed
Login_with_ValidCredentials Successfully Execution Started
Successfully Logined In
Login_with_ValidCredentialsIs Passed
create_Basket Successfully Execution Started
create_BasketIs Failed]]>
  </system-out>
</testsuite> <!-- in.gopocket.testScripts.Validate_UserName_In_Home_And_ProfilePage -->
