<?xml version="1.0" encoding="UTF-8"?>
<!-- Generated by org.testng.reporters.JUnitReportReporter -->
<testsuite hostname="TYSS-Ronald-Fredrick" failures="0" tests="2" name="in.gopocket.testScripts.Verify_User_Is_Able_To_Login_And_logout_With_Valid_Credentials" time="15.291" errors="0" timestamp="2024-09-17T22:42:51 IST" skipped="0">
  <testcase classname="in.gopocket.testScripts.Verify_User_Is_Able_To_Login_And_logout_With_Valid_Credentials" name="login_With_Valid_Credentials" time="10.822">
    <system-out>
      <![CDATA[Successfully Logged In]]>
    </system-out>
  </testcase> <!-- login_With_Valid_Credentials -->
  <testcase classname="in.gopocket.testScripts.Verify_User_Is_Able_To_Login_And_logout_With_Valid_Credentials" name="verify_LogOut" time="4.469">
    <system-out>
      <![CDATA[Successfully Logged Out]]>
    </system-out>
  </testcase> <!-- verify_LogOut -->
  <system-out>
    <![CDATA[Successfully Logged In
Successfully Logged Out
Successfully validated Error Message
Successfully Logined In]]>
  </system-out>
</testsuite> <!-- in.gopocket.testScripts.Verify_User_Is_Able_To_Login_And_logout_With_Valid_Credentials -->
