<?xml version="1.0" encoding="UTF-8"?>
<!-- Generated by org.testng.reporters.JUnitReportReporter -->
<testsuite hostname="TYSS-Ronald-Fredrick" failures="0" tests="2" name="in.gopocket.testScripts.Validate_Login_Functionality" time="1.639" errors="0" timestamp="2024-09-17T22:42:51 IST" skipped="0">
  <testcase classname="in.gopocket.testScripts.Validate_Login_Functionality" name="Login_with_InvalidCredentials" time="0.961">
    <system-out>
      <![CDATA[Successfully validated Error Message]]>
    </system-out>
  </testcase> <!-- Login_with_InvalidCredentials -->
  <testcase classname="in.gopocket.testScripts.Validate_Login_Functionality" name="Login_with_ValidCredentials" time="0.678">
    <system-out>
      <![CDATA[Successfully Logined In]]>
    </system-out>
  </testcase> <!-- Login_with_ValidCredentials -->
  <system-out>
    <![CDATA[Successfully Logged In
Successfully Logged Out
Successfully validated Error Message
Successfully Logined In]]>
  </system-out>
</testsuite> <!-- in.gopocket.testScripts.Validate_Login_Functionality -->
