<?xml version="1.0" encoding="UTF-8"?>
<!-- Generated by org.testng.reporters.JUnitReportReporter -->
<testsuite hostname="TYSS-Ronald-Fredrick" failures="0" tests="1" name="in.gopocket.testScripts.Verify_Alert" time="8.363" errors="0" timestamp="2024-09-17T22:42:51 IST" skipped="0">
  <testcase classname="in.gopocket.testScripts.Verify_Alert" name="handel_Scrip_Alert" time="8.363"/>
  <system-out>
    <![CDATA[Successfully Logged In
Successfully Logged Out
Successfully validated Error Message
Successfully Logined In]]>
  </system-out>
</testsuite> <!-- in.gopocket.testScripts.Verify_Alert -->
