<?xml version="1.0" encoding="UTF-8"?>
<!-- Generated by org.testng.reporters.JUnitReportReporter -->
<testsuite hostname="TYSS-Ronald-Fredrick" failures="0" tests="2" name="in.gopocket.testScripts.Verify_User_ableTo_Add_Script_To_WishList" time="13.992" errors="0" timestamp="2024-09-29T15:49:49 IST" skipped="0">
  <testcase classname="in.gopocket.testScripts.Verify_User_ableTo_Add_Script_To_WishList" name="addTo_WishList" time="9.278">
    <system-out>
      <![CDATA[addTo_WishList Successfully Execution Started
addTo_WishListIs Passed]]>
    </system-out>
  </testcase> <!-- addTo_WishList -->
  <testcase classname="in.gopocket.testScripts.Verify_User_ableTo_Add_Script_To_WishList" name="remove_From_WatchList" time="4.714">
    <system-out>
      <![CDATA[remove_From_WatchList Successfully Execution Started
remove_From_WatchListIs Passed]]>
    </system-out>
  </testcase> <!-- remove_From_WatchList -->
  <system-out>
    <![CDATA[addTo_WishList Successfully Execution Started
addTo_WishListIs Passed
remove_From_WatchList Successfully Execution Started
remove_From_WatchListIs Passed
validateUserName Successfully Execution Started
validateUserNameIs Passed
handel_Scrip_Alert Successfully Execution Started
handel_Scrip_AlertIs Passed
login_With_Valid_Credentials Successfully Execution Started
Successfully Logged In
login_With_Valid_CredentialsIs Passed
verify_LogOut Successfully Execution Started
Successfully Logged Out
verify_LogOutIs Passed
Login_with_InvalidCredentials Successfully Execution Started
Successfully validated Error_Message
Login_with_InvalidCredentialsIs Passed
Login_with_ValidCredentials Successfully Execution Started
Successfully Logined In
Login_with_ValidCredentialsIs Passed
create_Basket Successfully Execution Started
create_BasketIs Failed]]>
  </system-out>
</testsuite> <!-- in.gopocket.testScripts.Verify_User_ableTo_Add_Script_To_WishList -->
