<?xml version="1.0" encoding="UTF-8"?>
<!-- Generated by org.testng.reporters.JUnitReportReporter -->
<testsuite hostname="TYSS-Ronald-Fredrick" failures="0" tests="1" name="in.gopocket.testScripts.Verify_Alert" time="7.503" errors="0" timestamp="2024-09-17T23:17:13 IST" skipped="0">
  <testcase classname="in.gopocket.testScripts.Verify_Alert" name="handel_Scrip_Alert" time="7.503">
    <system-out>
      <![CDATA[handel_Scrip_Alert Successfully Execution Started
handel_Scrip_AlertIs Passed]]>
    </system-out>
  </testcase> <!-- handel_Scrip_Alert -->
  <system-out>
    <![CDATA[addTo_WishList Successfully Execution Started
addTo_WishListIs Failed
remove_From_WatchList Successfully Execution Started
remove_From_WatchListIs Failed
validateUserName Successfully Execution Started
validateUserNameIs Failed
handel_Scrip_Alert Successfully Execution Started
handel_Scrip_AlertIs Passed
login_With_Valid_Credentials Successfully Execution Started
Successfully Logged In
login_With_Valid_CredentialsIs Passed
verify_LogOut Successfully Execution Started
Successfully Logged Out
verify_LogOutIs Passed
Login_with_InvalidCredentials Successfully Execution Started
Successfully validated Error_Message
Login_with_InvalidCredentialsIs Passed
Login_with_ValidCredentials Successfully Execution Started
Successfully Logined In
Login_with_ValidCredentialsIs Passed]]>
  </system-out>
</testsuite> <!-- in.gopocket.testScripts.Verify_Alert -->
