<?xml version="1.0" encoding="UTF-8"?>
<!-- Generated by org.testng.reporters.JUnitReportReporter -->
<testsuite hostname="TYSS-Ronald-Fredrick" failures="0" tests="1" name="in.gopocket.testScripts.Verify_User_Is_Able_To_Login_With_Valid_Credentials" time="15.376" errors="0" timestamp="2024-09-08T22:59:18 IST" skipped="0">
  <testcase classname="in.gopocket.testScripts.Verify_User_Is_Able_To_Login_With_Valid_Credentials" name="login_With_Valid_Credentials" time="15.376">
    <system-out>
      <![CDATA[Successfully Logged In]]>
    </system-out>
  </testcase> <!-- login_With_Valid_Credentials -->
  <system-out>
    <![CDATA[Successfully Logged In]]>
  </system-out>
</testsuite> <!-- in.gopocket.testScripts.Verify_User_Is_Able_To_Login_With_Valid_Credentials -->
