<?xml version="1.0" encoding="UTF-8"?>
<!-- Generated by org.testng.reporters.JUnitReportReporter -->
<testsuite hostname="TYSS-Ronald-Fredrick" failures="0" tests="2" name="in.gopocket.testScripts.Verify_User_Is_Able_To_Login_And_logout_With_Valid_Credentials" time="17.033" errors="0" timestamp="2024-09-29T15:49:49 IST" skipped="0">
  <testcase classname="in.gopocket.testScripts.Verify_User_Is_Able_To_Login_And_logout_With_Valid_Credentials" name="login_With_Valid_Credentials" time="12.569">
    <system-out>
      <![CDATA[login_With_Valid_Credentials Successfully Execution Started
Successfully Logged In
login_With_Valid_CredentialsIs Passed]]>
    </system-out>
  </testcase> <!-- login_With_Valid_Credentials -->
  <testcase classname="in.gopocket.testScripts.Verify_User_Is_Able_To_Login_And_logout_With_Valid_Credentials" name="verify_LogOut" time="4.464">
    <system-out>
      <![CDATA[verify_LogOut Successfully Execution Started
Successfully Logged Out
verify_LogOutIs Passed]]>
    </system-out>
  </testcase> <!-- verify_LogOut -->
  <system-out>
    <![CDATA[addTo_WishList Successfully Execution Started
addTo_WishListIs Passed
remove_From_WatchList Successfully Execution Started
remove_From_WatchListIs Passed
validateUserName Successfully Execution Started
validateUserNameIs Passed
handel_Scrip_Alert Successfully Execution Started
handel_Scrip_AlertIs Passed
login_With_Valid_Credentials Successfully Execution Started
Successfully Logged In
login_With_Valid_CredentialsIs Passed
verify_LogOut Successfully Execution Started
Successfully Logged Out
verify_LogOutIs Passed
Login_with_InvalidCredentials Successfully Execution Started
Successfully validated Error_Message
Login_with_InvalidCredentialsIs Passed
Login_with_ValidCredentials Successfully Execution Started
Successfully Logined In
Login_with_ValidCredentialsIs Passed
create_Basket Successfully Execution Started
create_BasketIs Failed]]>
  </system-out>
</testsuite> <!-- in.gopocket.testScripts.Verify_User_Is_Able_To_Login_And_logout_With_Valid_Credentials -->
