<?xml version="1.0" encoding="UTF-8"?>
<!-- Generated by org.testng.reporters.JUnitReportReporter -->
<testsuite hostname="TYSS-Ronald-Fredrick" failures="0" tests="2" name="in.gopocket.testScripts.Validate_Login_Functionality" time="1.125" errors="0" timestamp="2024-09-17T23:17:13 IST" skipped="0">
  <testcase classname="in.gopocket.testScripts.Validate_Login_Functionality" name="Login_with_InvalidCredentials" time="0.636">
    <system-out>
      <![CDATA[Login_with_InvalidCredentials Successfully Execution Started
Successfully validated Error_Message
Login_with_InvalidCredentialsIs Passed]]>
    </system-out>
  </testcase> <!-- Login_with_InvalidCredentials -->
  <testcase classname="in.gopocket.testScripts.Validate_Login_Functionality" name="Login_with_ValidCredentials" time="0.489">
    <system-out>
      <![CDATA[Login_with_ValidCredentials Successfully Execution Started
Successfully Logined In
Login_with_ValidCredentialsIs Passed]]>
    </system-out>
  </testcase> <!-- Login_with_ValidCredentials -->
  <system-out>
    <![CDATA[addTo_WishList Successfully Execution Started
addTo_WishListIs Failed
remove_From_WatchList Successfully Execution Started
remove_From_WatchListIs Failed
validateUserName Successfully Execution Started
validateUserNameIs Failed
handel_Scrip_Alert Successfully Execution Started
handel_Scrip_AlertIs Passed
login_With_Valid_Credentials Successfully Execution Started
Successfully Logged In
login_With_Valid_CredentialsIs Passed
verify_LogOut Successfully Execution Started
Successfully Logged Out
verify_LogOutIs Passed
Login_with_InvalidCredentials Successfully Execution Started
Successfully validated Error_Message
Login_with_InvalidCredentialsIs Passed
Login_with_ValidCredentials Successfully Execution Started
Successfully Logined In
Login_with_ValidCredentialsIs Passed]]>
  </system-out>
</testsuite> <!-- in.gopocket.testScripts.Validate_Login_Functionality -->
